CRITICAL - 2022-03-20 23:55:46 --> Class "App\Filters\MyFilter" not found
#0 C:\xampp\htdocs\ci4\system\CodeIgniter.php(393): CodeIgniter\Filters\Filters->run('/', 'before')
#1 C:\xampp\htdocs\ci4\system\CodeIgniter.php(326): CodeIgniter\CodeIgniter->handleRequest(NULL, Object(Config\Cache), false)
#2 C:\xampp\htdocs\ci4\public\index.php(37): CodeIgniter\CodeIgniter->run()
#3 {main}
CRITICAL - 2022-03-20 23:57:29 --> Class "App\Filters\MyFillter" not found
#0 C:\xampp\htdocs\ci4\system\CodeIgniter.php(393): CodeIgniter\Filters\Filters->run('bikin', 'before')
#1 C:\xampp\htdocs\ci4\system\CodeIgniter.php(326): CodeIgniter\CodeIgniter->handleRequest(NULL, Object(Config\Cache), false)
#2 C:\xampp\htdocs\ci4\public\index.php(37): CodeIgniter\CodeIgniter->run()
#3 {main}
CRITICAL - 2022-03-20 23:57:55 --> Class "App\Filters\MyFillter" not found
#0 C:\xampp\htdocs\ci4\system\CodeIgniter.php(393): CodeIgniter\Filters\Filters->run('bikin', 'before')
#1 C:\xampp\htdocs\ci4\system\CodeIgniter.php(326): CodeIgniter\CodeIgniter->handleRequest(NULL, Object(Config\Cache), false)
#2 C:\xampp\htdocs\ci4\public\index.php(37): CodeIgniter\CodeIgniter->run()
#3 {main}
CRITICAL - 2022-03-20 23:57:59 --> Class "App\Filters\MyFillter" not found
#0 C:\xampp\htdocs\ci4\system\CodeIgniter.php(393): CodeIgniter\Filters\Filters->run('/', 'before')
#1 C:\xampp\htdocs\ci4\system\CodeIgniter.php(326): CodeIgniter\CodeIgniter->handleRequest(NULL, Object(Config\Cache), false)
#2 C:\xampp\htdocs\ci4\public\index.php(37): CodeIgniter\CodeIgniter->run()
#3 {main}
CRITICAL - 2022-03-20 23:58:27 --> Class "App\Filters\MyFillter" not found
#0 C:\xampp\htdocs\ci4\system\CodeIgniter.php(393): CodeIgniter\Filters\Filters->run('/', 'before')
#1 C:\xampp\htdocs\ci4\system\CodeIgniter.php(326): CodeIgniter\CodeIgniter->handleRequest(NULL, Object(Config\Cache), false)
#2 C:\xampp\htdocs\ci4\public\index.php(37): CodeIgniter\CodeIgniter->run()
#3 {main}
CRITICAL - 2022-03-20 23:58:49 --> Class "App\Filters\MyFillter" not found
#0 C:\xampp\htdocs\ci4\system\CodeIgniter.php(393): CodeIgniter\Filters\Filters->run('/', 'before')
#1 C:\xampp\htdocs\ci4\system\CodeIgniter.php(326): CodeIgniter\CodeIgniter->handleRequest(NULL, Object(Config\Cache), false)
#2 C:\xampp\htdocs\ci4\public\index.php(37): CodeIgniter\CodeIgniter->run()
#3 {main}
