CRITICAL - 2022-03-13 10:49:53 --> Undefined variable $row
#0 C:\xampp\htdocs\ci4\app\Views\konten\dashboard.php(299): CodeIgniter\Debug\Exceptions->errorHandler(2, 'Undefined varia...', 'C:\\xampp\\htdocs...', 299)
#1 C:\xampp\htdocs\ci4\system\View\View.php(210): include('C:\\xampp\\htdocs...')
#2 C:\xampp\htdocs\ci4\system\View\View.php(213): CodeIgniter\View\View->CodeIgniter\View\{closure}()
#3 C:\xampp\htdocs\ci4\system\Common.php(1089): CodeIgniter\View\View->render('konten/dashboar...', Array, true)
#4 C:\xampp\htdocs\ci4\app\Controllers\Home.php(9): view('konten/dashboar...')
#5 C:\xampp\htdocs\ci4\system\CodeIgniter.php(832): App\Controllers\Home->index()
#6 C:\xampp\htdocs\ci4\system\CodeIgniter.php(419): CodeIgniter\CodeIgniter->runController(Object(App\Controllers\Home))
#7 C:\xampp\htdocs\ci4\system\CodeIgniter.php(326): CodeIgniter\CodeIgniter->handleRequest(NULL, Object(Config\Cache), false)
#8 C:\xampp\htdocs\ci4\public\index.php(37): CodeIgniter\CodeIgniter->run()
#9 {main}
CRITICAL - 2022-03-13 11:33:14 --> syntax error, unexpected token "class"
#0 C:\xampp\htdocs\ci4\system\Autoloader\Autoloader.php(241): CodeIgniter\Autoloader\Autoloader->includeFile('C:\\xampp\\htdocs...')
#1 C:\xampp\htdocs\ci4\system\Autoloader\Autoloader.php(219): CodeIgniter\Autoloader\Autoloader->loadInNamespace('App\\Controllers...')
#2 [internal function]: CodeIgniter\Autoloader\Autoloader->loadClass('App\\Controllers...')
#3 C:\xampp\htdocs\ci4\system\CodeIgniter.php(797): class_exists('\\App\\Controller...', true)
#4 C:\xampp\htdocs\ci4\system\CodeIgniter.php(406): CodeIgniter\CodeIgniter->startController()
#5 C:\xampp\htdocs\ci4\system\CodeIgniter.php(326): CodeIgniter\CodeIgniter->handleRequest(NULL, Object(Config\Cache), false)
#6 C:\xampp\htdocs\ci4\public\index.php(37): CodeIgniter\CodeIgniter->run()
#7 {main}
CRITICAL - 2022-03-13 11:36:10 --> syntax error, unexpected token "class"
#0 C:\xampp\htdocs\ci4\system\Autoloader\Autoloader.php(241): CodeIgniter\Autoloader\Autoloader->includeFile('C:\\xampp\\htdocs...')
#1 C:\xampp\htdocs\ci4\system\Autoloader\Autoloader.php(219): CodeIgniter\Autoloader\Autoloader->loadInNamespace('App\\Controllers...')
#2 [internal function]: CodeIgniter\Autoloader\Autoloader->loadClass('App\\Controllers...')
#3 C:\xampp\htdocs\ci4\system\CodeIgniter.php(797): class_exists('\\App\\Controller...', true)
#4 C:\xampp\htdocs\ci4\system\CodeIgniter.php(406): CodeIgniter\CodeIgniter->startController()
#5 C:\xampp\htdocs\ci4\system\CodeIgniter.php(326): CodeIgniter\CodeIgniter->handleRequest(NULL, Object(Config\Cache), false)
#6 C:\xampp\htdocs\ci4\public\index.php(37): CodeIgniter\CodeIgniter->run()
#7 {main}
CRITICAL - 2022-03-13 11:40:51 --> syntax error, unexpected token "class"
#0 C:\xampp\htdocs\ci4\system\Autoloader\Autoloader.php(241): CodeIgniter\Autoloader\Autoloader->includeFile('C:\\xampp\\htdocs...')
#1 C:\xampp\htdocs\ci4\system\Autoloader\Autoloader.php(219): CodeIgniter\Autoloader\Autoloader->loadInNamespace('App\\Controllers...')
#2 [internal function]: CodeIgniter\Autoloader\Autoloader->loadClass('App\\Controllers...')
#3 C:\xampp\htdocs\ci4\system\CodeIgniter.php(797): class_exists('\\App\\Controller...', true)
#4 C:\xampp\htdocs\ci4\system\CodeIgniter.php(406): CodeIgniter\CodeIgniter->startController()
#5 C:\xampp\htdocs\ci4\system\CodeIgniter.php(326): CodeIgniter\CodeIgniter->handleRequest(NULL, Object(Config\Cache), false)
#6 C:\xampp\htdocs\ci4\public\index.php(37): CodeIgniter\CodeIgniter->run()
#7 {main}
CRITICAL - 2022-03-13 11:46:17 --> Class "App\Controllers\BeritaModel" not found
#0 C:\xampp\htdocs\ci4\system\CodeIgniter.php(809): App\Controllers\Berita->__construct()
#1 C:\xampp\htdocs\ci4\system\CodeIgniter.php(410): CodeIgniter\CodeIgniter->createController()
#2 C:\xampp\htdocs\ci4\system\CodeIgniter.php(326): CodeIgniter\CodeIgniter->handleRequest(NULL, Object(Config\Cache), false)
#3 C:\xampp\htdocs\ci4\public\index.php(37): CodeIgniter\CodeIgniter->run()
#4 {main}
CRITICAL - 2022-03-13 12:01:36 --> Undefined variable $berita
#0 C:\xampp\htdocs\ci4\app\Views\konten\dashboard.php(291): CodeIgniter\Debug\Exceptions->errorHandler(2, 'Undefined varia...', 'C:\\xampp\\htdocs...', 291)
#1 C:\xampp\htdocs\ci4\system\View\View.php(210): include('C:\\xampp\\htdocs...')
#2 C:\xampp\htdocs\ci4\system\View\View.php(213): CodeIgniter\View\View->CodeIgniter\View\{closure}()
#3 C:\xampp\htdocs\ci4\system\Common.php(1089): CodeIgniter\View\View->render('konten/dashboar...', Array, true)
#4 C:\xampp\htdocs\ci4\app\Controllers\Berita.php(30): view('konten/dashboar...')
#5 C:\xampp\htdocs\ci4\system\CodeIgniter.php(832): App\Controllers\Berita->index()
#6 C:\xampp\htdocs\ci4\system\CodeIgniter.php(419): CodeIgniter\CodeIgniter->runController(Object(App\Controllers\Berita))
#7 C:\xampp\htdocs\ci4\system\CodeIgniter.php(326): CodeIgniter\CodeIgniter->handleRequest(NULL, Object(Config\Cache), false)
#8 C:\xampp\htdocs\ci4\public\index.php(37): CodeIgniter\CodeIgniter->run()
#9 {main}
CRITICAL - 2022-03-13 12:02:33 --> Undefined variable $berita
#0 C:\xampp\htdocs\ci4\app\Views\konten\dashboard.php(291): CodeIgniter\Debug\Exceptions->errorHandler(2, 'Undefined varia...', 'C:\\xampp\\htdocs...', 291)
#1 C:\xampp\htdocs\ci4\system\View\View.php(210): include('C:\\xampp\\htdocs...')
#2 C:\xampp\htdocs\ci4\system\View\View.php(213): CodeIgniter\View\View->CodeIgniter\View\{closure}()
#3 C:\xampp\htdocs\ci4\system\Common.php(1089): CodeIgniter\View\View->render('konten/dashboar...', Array, true)
#4 C:\xampp\htdocs\ci4\app\Controllers\Berita.php(30): view('konten/dashboar...')
#5 C:\xampp\htdocs\ci4\system\CodeIgniter.php(832): App\Controllers\Berita->index()
#6 C:\xampp\htdocs\ci4\system\CodeIgniter.php(419): CodeIgniter\CodeIgniter->runController(Object(App\Controllers\Berita))
#7 C:\xampp\htdocs\ci4\system\CodeIgniter.php(326): CodeIgniter\CodeIgniter->handleRequest(NULL, Object(Config\Cache), false)
#8 C:\xampp\htdocs\ci4\public\index.php(37): CodeIgniter\CodeIgniter->run()
#9 {main}
CRITICAL - 2022-03-13 12:03:38 --> Undefined variable $berita
#0 C:\xampp\htdocs\ci4\app\Views\konten\dashboard.php(291): CodeIgniter\Debug\Exceptions->errorHandler(2, 'Undefined varia...', 'C:\\xampp\\htdocs...', 291)
#1 C:\xampp\htdocs\ci4\system\View\View.php(210): include('C:\\xampp\\htdocs...')
#2 C:\xampp\htdocs\ci4\system\View\View.php(213): CodeIgniter\View\View->CodeIgniter\View\{closure}()
#3 C:\xampp\htdocs\ci4\system\Common.php(1089): CodeIgniter\View\View->render('konten/dashboar...', Array, true)
#4 C:\xampp\htdocs\ci4\app\Controllers\Berita.php(30): view('konten/dashboar...')
#5 C:\xampp\htdocs\ci4\system\CodeIgniter.php(832): App\Controllers\Berita->index()
#6 C:\xampp\htdocs\ci4\system\CodeIgniter.php(419): CodeIgniter\CodeIgniter->runController(Object(App\Controllers\Berita))
#7 C:\xampp\htdocs\ci4\system\CodeIgniter.php(326): CodeIgniter\CodeIgniter->handleRequest(NULL, Object(Config\Cache), false)
#8 C:\xampp\htdocs\ci4\public\index.php(37): CodeIgniter\CodeIgniter->run()
#9 {main}
CRITICAL - 2022-03-13 12:04:20 --> Undefined variable $berita
#0 C:\xampp\htdocs\ci4\app\Views\konten\dashboard.php(291): CodeIgniter\Debug\Exceptions->errorHandler(2, 'Undefined varia...', 'C:\\xampp\\htdocs...', 291)
#1 C:\xampp\htdocs\ci4\system\View\View.php(210): include('C:\\xampp\\htdocs...')
#2 C:\xampp\htdocs\ci4\system\View\View.php(213): CodeIgniter\View\View->CodeIgniter\View\{closure}()
#3 C:\xampp\htdocs\ci4\system\Common.php(1089): CodeIgniter\View\View->render('konten/dashboar...', Array, true)
#4 C:\xampp\htdocs\ci4\app\Controllers\Berita.php(30): view('konten/dashboar...')
#5 C:\xampp\htdocs\ci4\system\CodeIgniter.php(832): App\Controllers\Berita->index()
#6 C:\xampp\htdocs\ci4\system\CodeIgniter.php(419): CodeIgniter\CodeIgniter->runController(Object(App\Controllers\Berita))
#7 C:\xampp\htdocs\ci4\system\CodeIgniter.php(326): CodeIgniter\CodeIgniter->handleRequest(NULL, Object(Config\Cache), false)
#8 C:\xampp\htdocs\ci4\public\index.php(37): CodeIgniter\CodeIgniter->run()
#9 {main}
CRITICAL - 2022-03-13 12:08:20 --> Undefined variable $berita
#0 C:\xampp\htdocs\ci4\app\Views\konten\dashboard.php(292): CodeIgniter\Debug\Exceptions->errorHandler(2, 'Undefined varia...', 'C:\\xampp\\htdocs...', 292)
#1 C:\xampp\htdocs\ci4\system\View\View.php(210): include('C:\\xampp\\htdocs...')
#2 C:\xampp\htdocs\ci4\system\View\View.php(213): CodeIgniter\View\View->CodeIgniter\View\{closure}()
#3 C:\xampp\htdocs\ci4\system\Common.php(1089): CodeIgniter\View\View->render('konten/dashboar...', Array, true)
#4 C:\xampp\htdocs\ci4\app\Controllers\Berita.php(30): view('konten/dashboar...')
#5 C:\xampp\htdocs\ci4\system\CodeIgniter.php(832): App\Controllers\Berita->index()
#6 C:\xampp\htdocs\ci4\system\CodeIgniter.php(419): CodeIgniter\CodeIgniter->runController(Object(App\Controllers\Berita))
#7 C:\xampp\htdocs\ci4\system\CodeIgniter.php(326): CodeIgniter\CodeIgniter->handleRequest(NULL, Object(Config\Cache), false)
#8 C:\xampp\htdocs\ci4\public\index.php(37): CodeIgniter\CodeIgniter->run()
#9 {main}
CRITICAL - 2022-03-13 12:09:16 --> Undefined variable $berita
#0 C:\xampp\htdocs\ci4\app\Views\konten\dashboard.php(292): CodeIgniter\Debug\Exceptions->errorHandler(2, 'Undefined varia...', 'C:\\xampp\\htdocs...', 292)
#1 C:\xampp\htdocs\ci4\system\View\View.php(210): include('C:\\xampp\\htdocs...')
#2 C:\xampp\htdocs\ci4\system\View\View.php(213): CodeIgniter\View\View->CodeIgniter\View\{closure}()
#3 C:\xampp\htdocs\ci4\system\Common.php(1089): CodeIgniter\View\View->render('konten/dashboar...', Array, true)
#4 C:\xampp\htdocs\ci4\app\Controllers\Berita.php(30): view('konten/dashboar...')
#5 C:\xampp\htdocs\ci4\system\CodeIgniter.php(832): App\Controllers\Berita->index()
#6 C:\xampp\htdocs\ci4\system\CodeIgniter.php(419): CodeIgniter\CodeIgniter->runController(Object(App\Controllers\Berita))
#7 C:\xampp\htdocs\ci4\system\CodeIgniter.php(326): CodeIgniter\CodeIgniter->handleRequest(NULL, Object(Config\Cache), false)
#8 C:\xampp\htdocs\ci4\public\index.php(37): CodeIgniter\CodeIgniter->run()
#9 {main}
CRITICAL - 2022-03-13 12:32:59 --> syntax error, unexpected token "}"
#0 C:\xampp\htdocs\ci4\system\Autoloader\Autoloader.php(241): CodeIgniter\Autoloader\Autoloader->includeFile('C:\\xampp\\htdocs...')
#1 C:\xampp\htdocs\ci4\system\Autoloader\Autoloader.php(219): CodeIgniter\Autoloader\Autoloader->loadInNamespace('App\\Controllers...')
#2 [internal function]: CodeIgniter\Autoloader\Autoloader->loadClass('App\\Controllers...')
#3 C:\xampp\htdocs\ci4\system\CodeIgniter.php(797): class_exists('\\App\\Controller...', true)
#4 C:\xampp\htdocs\ci4\system\CodeIgniter.php(406): CodeIgniter\CodeIgniter->startController()
#5 C:\xampp\htdocs\ci4\system\CodeIgniter.php(326): CodeIgniter\CodeIgniter->handleRequest(NULL, Object(Config\Cache), false)
#6 C:\xampp\htdocs\ci4\public\index.php(37): CodeIgniter\CodeIgniter->run()
#7 {main}
CRITICAL - 2022-03-13 21:27:36 --> Trying to access array offset on value of type null
#0 C:\xampp\htdocs\ci4\app\Views\konten\detail.php(18): CodeIgniter\Debug\Exceptions->errorHandler(2, 'Trying to acces...', 'C:\\xampp\\htdocs...', 18)
#1 C:\xampp\htdocs\ci4\system\View\View.php(210): include('C:\\xampp\\htdocs...')
#2 C:\xampp\htdocs\ci4\system\View\View.php(213): CodeIgniter\View\View->CodeIgniter\View\{closure}()
#3 C:\xampp\htdocs\ci4\system\Common.php(1089): CodeIgniter\View\View->render('konten/detail', Array, true)
#4 C:\xampp\htdocs\ci4\app\Controllers\Berita.php(39): view('konten/detail', Array)
#5 C:\xampp\htdocs\ci4\system\CodeIgniter.php(832): App\Controllers\Berita->detail('ilhamsare.jpg')
#6 C:\xampp\htdocs\ci4\system\CodeIgniter.php(419): CodeIgniter\CodeIgniter->runController(Object(App\Controllers\Berita))
#7 C:\xampp\htdocs\ci4\system\CodeIgniter.php(326): CodeIgniter\CodeIgniter->handleRequest(NULL, Object(Config\Cache), false)
#8 C:\xampp\htdocs\ci4\public\index.php(37): CodeIgniter\CodeIgniter->run()
#9 {main}
CRITICAL - 2022-03-13 21:28:43 --> Trying to access array offset on value of type null
#0 C:\xampp\htdocs\ci4\app\Views\konten\detail.php(18): CodeIgniter\Debug\Exceptions->errorHandler(2, 'Trying to acces...', 'C:\\xampp\\htdocs...', 18)
#1 C:\xampp\htdocs\ci4\system\View\View.php(210): include('C:\\xampp\\htdocs...')
#2 C:\xampp\htdocs\ci4\system\View\View.php(213): CodeIgniter\View\View->CodeIgniter\View\{closure}()
#3 C:\xampp\htdocs\ci4\system\Common.php(1089): CodeIgniter\View\View->render('konten/detail', Array, true)
#4 C:\xampp\htdocs\ci4\app\Controllers\Berita.php(39): view('konten/detail', Array)
#5 C:\xampp\htdocs\ci4\system\CodeIgniter.php(832): App\Controllers\Berita->detail('ilhamsare.jpg')
#6 C:\xampp\htdocs\ci4\system\CodeIgniter.php(419): CodeIgniter\CodeIgniter->runController(Object(App\Controllers\Berita))
#7 C:\xampp\htdocs\ci4\system\CodeIgniter.php(326): CodeIgniter\CodeIgniter->handleRequest(NULL, Object(Config\Cache), false)
#8 C:\xampp\htdocs\ci4\public\index.php(37): CodeIgniter\CodeIgniter->run()
#9 {main}
CRITICAL - 2022-03-13 21:29:11 --> Trying to access array offset on value of type null
#0 C:\xampp\htdocs\ci4\app\Views\konten\detail.php(18): CodeIgniter\Debug\Exceptions->errorHandler(2, 'Trying to acces...', 'C:\\xampp\\htdocs...', 18)
#1 C:\xampp\htdocs\ci4\system\View\View.php(210): include('C:\\xampp\\htdocs...')
#2 C:\xampp\htdocs\ci4\system\View\View.php(213): CodeIgniter\View\View->CodeIgniter\View\{closure}()
#3 C:\xampp\htdocs\ci4\system\Common.php(1089): CodeIgniter\View\View->render('konten/detail', Array, true)
#4 C:\xampp\htdocs\ci4\app\Controllers\Berita.php(39): view('konten/detail', Array)
#5 C:\xampp\htdocs\ci4\system\CodeIgniter.php(832): App\Controllers\Berita->detail('ilhamsare.jpg')
#6 C:\xampp\htdocs\ci4\system\CodeIgniter.php(419): CodeIgniter\CodeIgniter->runController(Object(App\Controllers\Berita))
#7 C:\xampp\htdocs\ci4\system\CodeIgniter.php(326): CodeIgniter\CodeIgniter->handleRequest(NULL, Object(Config\Cache), false)
#8 C:\xampp\htdocs\ci4\public\index.php(37): CodeIgniter\CodeIgniter->run()
#9 {main}
CRITICAL - 2022-03-13 21:30:30 --> Trying to access array offset on value of type null
#0 C:\xampp\htdocs\ci4\app\Views\konten\detail.php(19): CodeIgniter\Debug\Exceptions->errorHandler(2, 'Trying to acces...', 'C:\\xampp\\htdocs...', 19)
#1 C:\xampp\htdocs\ci4\system\View\View.php(210): include('C:\\xampp\\htdocs...')
#2 C:\xampp\htdocs\ci4\system\View\View.php(213): CodeIgniter\View\View->CodeIgniter\View\{closure}()
#3 C:\xampp\htdocs\ci4\system\Common.php(1089): CodeIgniter\View\View->render('konten/detail', Array, true)
#4 C:\xampp\htdocs\ci4\app\Controllers\Berita.php(39): view('konten/detail', Array)
#5 C:\xampp\htdocs\ci4\system\CodeIgniter.php(832): App\Controllers\Berita->detail('ilhamsare.jpg')
#6 C:\xampp\htdocs\ci4\system\CodeIgniter.php(419): CodeIgniter\CodeIgniter->runController(Object(App\Controllers\Berita))
#7 C:\xampp\htdocs\ci4\system\CodeIgniter.php(326): CodeIgniter\CodeIgniter->handleRequest(NULL, Object(Config\Cache), false)
#8 C:\xampp\htdocs\ci4\public\index.php(37): CodeIgniter\CodeIgniter->run()
#9 {main}
CRITICAL - 2022-03-13 21:31:55 --> Trying to access array offset on value of type null
#0 C:\xampp\htdocs\ci4\app\Views\konten\detail.php(22): CodeIgniter\Debug\Exceptions->errorHandler(2, 'Trying to acces...', 'C:\\xampp\\htdocs...', 22)
#1 C:\xampp\htdocs\ci4\system\View\View.php(210): include('C:\\xampp\\htdocs...')
#2 C:\xampp\htdocs\ci4\system\View\View.php(213): CodeIgniter\View\View->CodeIgniter\View\{closure}()
#3 C:\xampp\htdocs\ci4\system\Common.php(1089): CodeIgniter\View\View->render('konten/detail', Array, true)
#4 C:\xampp\htdocs\ci4\app\Controllers\Berita.php(39): view('konten/detail', Array)
#5 C:\xampp\htdocs\ci4\system\CodeIgniter.php(832): App\Controllers\Berita->detail('ilhamsare.jpg')
#6 C:\xampp\htdocs\ci4\system\CodeIgniter.php(419): CodeIgniter\CodeIgniter->runController(Object(App\Controllers\Berita))
#7 C:\xampp\htdocs\ci4\system\CodeIgniter.php(326): CodeIgniter\CodeIgniter->handleRequest(NULL, Object(Config\Cache), false)
#8 C:\xampp\htdocs\ci4\public\index.php(37): CodeIgniter\CodeIgniter->run()
#9 {main}
CRITICAL - 2022-03-13 21:39:55 --> Trying to access array offset on value of type null
#0 C:\xampp\htdocs\ci4\app\Views\konten\detail.php(22): CodeIgniter\Debug\Exceptions->errorHandler(2, 'Trying to acces...', 'C:\\xampp\\htdocs...', 22)
#1 C:\xampp\htdocs\ci4\system\View\View.php(210): include('C:\\xampp\\htdocs...')
#2 C:\xampp\htdocs\ci4\system\View\View.php(213): CodeIgniter\View\View->CodeIgniter\View\{closure}()
#3 C:\xampp\htdocs\ci4\system\Common.php(1089): CodeIgniter\View\View->render('konten/detail', Array, true)
#4 C:\xampp\htdocs\ci4\app\Controllers\Berita.php(39): view('konten/detail', Array)
#5 C:\xampp\htdocs\ci4\system\CodeIgniter.php(832): App\Controllers\Berita->detail('ilhamsare.jpg')
#6 C:\xampp\htdocs\ci4\system\CodeIgniter.php(419): CodeIgniter\CodeIgniter->runController(Object(App\Controllers\Berita))
#7 C:\xampp\htdocs\ci4\system\CodeIgniter.php(326): CodeIgniter\CodeIgniter->handleRequest(NULL, Object(Config\Cache), false)
#8 C:\xampp\htdocs\ci4\public\index.php(37): CodeIgniter\CodeIgniter->run()
#9 {main}
CRITICAL - 2022-03-13 21:39:59 --> Trying to access array offset on value of type null
#0 C:\xampp\htdocs\ci4\app\Views\konten\detail.php(22): CodeIgniter\Debug\Exceptions->errorHandler(2, 'Trying to acces...', 'C:\\xampp\\htdocs...', 22)
#1 C:\xampp\htdocs\ci4\system\View\View.php(210): include('C:\\xampp\\htdocs...')
#2 C:\xampp\htdocs\ci4\system\View\View.php(213): CodeIgniter\View\View->CodeIgniter\View\{closure}()
#3 C:\xampp\htdocs\ci4\system\Common.php(1089): CodeIgniter\View\View->render('konten/detail', Array, true)
#4 C:\xampp\htdocs\ci4\app\Controllers\Berita.php(39): view('konten/detail', Array)
#5 C:\xampp\htdocs\ci4\system\CodeIgniter.php(832): App\Controllers\Berita->detail('ilhamsare.jpg')
#6 C:\xampp\htdocs\ci4\system\CodeIgniter.php(419): CodeIgniter\CodeIgniter->runController(Object(App\Controllers\Berita))
#7 C:\xampp\htdocs\ci4\system\CodeIgniter.php(326): CodeIgniter\CodeIgniter->handleRequest(NULL, Object(Config\Cache), false)
#8 C:\xampp\htdocs\ci4\public\index.php(37): CodeIgniter\CodeIgniter->run()
#9 {main}
CRITICAL - 2022-03-13 21:40:40 --> Trying to access array offset on value of type null
#0 C:\xampp\htdocs\ci4\app\Views\konten\detail.php(22): CodeIgniter\Debug\Exceptions->errorHandler(2, 'Trying to acces...', 'C:\\xampp\\htdocs...', 22)
#1 C:\xampp\htdocs\ci4\system\View\View.php(210): include('C:\\xampp\\htdocs...')
#2 C:\xampp\htdocs\ci4\system\View\View.php(213): CodeIgniter\View\View->CodeIgniter\View\{closure}()
#3 C:\xampp\htdocs\ci4\system\Common.php(1089): CodeIgniter\View\View->render('konten/detail', Array, true)
#4 C:\xampp\htdocs\ci4\app\Controllers\Berita.php(39): view('konten/detail', Array)
#5 C:\xampp\htdocs\ci4\system\CodeIgniter.php(832): App\Controllers\Berita->detail('ilhamsare.jpg')
#6 C:\xampp\htdocs\ci4\system\CodeIgniter.php(419): CodeIgniter\CodeIgniter->runController(Object(App\Controllers\Berita))
#7 C:\xampp\htdocs\ci4\system\CodeIgniter.php(326): CodeIgniter\CodeIgniter->handleRequest(NULL, Object(Config\Cache), false)
#8 C:\xampp\htdocs\ci4\public\index.php(37): CodeIgniter\CodeIgniter->run()
#9 {main}
CRITICAL - 2022-03-13 21:41:25 --> Trying to access array offset on value of type null
#0 C:\xampp\htdocs\ci4\app\Views\konten\detail.php(22): CodeIgniter\Debug\Exceptions->errorHandler(2, 'Trying to acces...', 'C:\\xampp\\htdocs...', 22)
#1 C:\xampp\htdocs\ci4\system\View\View.php(210): include('C:\\xampp\\htdocs...')
#2 C:\xampp\htdocs\ci4\system\View\View.php(213): CodeIgniter\View\View->CodeIgniter\View\{closure}()
#3 C:\xampp\htdocs\ci4\system\Common.php(1089): CodeIgniter\View\View->render('konten/detail', Array, true)
#4 C:\xampp\htdocs\ci4\app\Controllers\Berita.php(39): view('konten/detail', Array)
#5 C:\xampp\htdocs\ci4\system\CodeIgniter.php(832): App\Controllers\Berita->detail('ilhamsare.jpg')
#6 C:\xampp\htdocs\ci4\system\CodeIgniter.php(419): CodeIgniter\CodeIgniter->runController(Object(App\Controllers\Berita))
#7 C:\xampp\htdocs\ci4\system\CodeIgniter.php(326): CodeIgniter\CodeIgniter->handleRequest(NULL, Object(Config\Cache), false)
#8 C:\xampp\htdocs\ci4\public\index.php(37): CodeIgniter\CodeIgniter->run()
#9 {main}
CRITICAL - 2022-03-13 21:41:44 --> Trying to access array offset on value of type null
#0 C:\xampp\htdocs\ci4\app\Views\konten\detail.php(22): CodeIgniter\Debug\Exceptions->errorHandler(2, 'Trying to acces...', 'C:\\xampp\\htdocs...', 22)
#1 C:\xampp\htdocs\ci4\system\View\View.php(210): include('C:\\xampp\\htdocs...')
#2 C:\xampp\htdocs\ci4\system\View\View.php(213): CodeIgniter\View\View->CodeIgniter\View\{closure}()
#3 C:\xampp\htdocs\ci4\system\Common.php(1089): CodeIgniter\View\View->render('konten/detail', Array, true)
#4 C:\xampp\htdocs\ci4\app\Controllers\Berita.php(39): view('konten/detail', Array)
#5 C:\xampp\htdocs\ci4\system\CodeIgniter.php(832): App\Controllers\Berita->detail('ilhamsare.jpg')
#6 C:\xampp\htdocs\ci4\system\CodeIgniter.php(419): CodeIgniter\CodeIgniter->runController(Object(App\Controllers\Berita))
#7 C:\xampp\htdocs\ci4\system\CodeIgniter.php(326): CodeIgniter\CodeIgniter->handleRequest(NULL, Object(Config\Cache), false)
#8 C:\xampp\htdocs\ci4\public\index.php(37): CodeIgniter\CodeIgniter->run()
#9 {main}
CRITICAL - 2022-03-13 22:22:50 --> Trying to access array offset on value of type null
#0 C:\xampp\htdocs\ci4\app\Views\konten\detail.php(26): CodeIgniter\Debug\Exceptions->errorHandler(2, 'Trying to acces...', 'C:\\xampp\\htdocs...', 26)
#1 C:\xampp\htdocs\ci4\system\View\View.php(210): include('C:\\xampp\\htdocs...')
#2 C:\xampp\htdocs\ci4\system\View\View.php(213): CodeIgniter\View\View->CodeIgniter\View\{closure}()
#3 C:\xampp\htdocs\ci4\system\Common.php(1089): CodeIgniter\View\View->render('konten/detail', Array, true)
#4 C:\xampp\htdocs\ci4\app\Controllers\Berita.php(39): view('konten/detail', Array)
#5 C:\xampp\htdocs\ci4\system\CodeIgniter.php(832): App\Controllers\Berita->detail('create')
#6 C:\xampp\htdocs\ci4\system\CodeIgniter.php(419): CodeIgniter\CodeIgniter->runController(Object(App\Controllers\Berita))
#7 C:\xampp\htdocs\ci4\system\CodeIgniter.php(326): CodeIgniter\CodeIgniter->handleRequest(NULL, Object(Config\Cache), false)
#8 C:\xampp\htdocs\ci4\public\index.php(37): CodeIgniter\CodeIgniter->run()
#9 {main}
CRITICAL - 2022-03-13 22:24:34 --> Trying to access array offset on value of type null
#0 C:\xampp\htdocs\ci4\app\Views\konten\detail.php(26): CodeIgniter\Debug\Exceptions->errorHandler(2, 'Trying to acces...', 'C:\\xampp\\htdocs...', 26)
#1 C:\xampp\htdocs\ci4\system\View\View.php(210): include('C:\\xampp\\htdocs...')
#2 C:\xampp\htdocs\ci4\system\View\View.php(213): CodeIgniter\View\View->CodeIgniter\View\{closure}()
#3 C:\xampp\htdocs\ci4\system\Common.php(1089): CodeIgniter\View\View->render('konten/detail', Array, true)
#4 C:\xampp\htdocs\ci4\app\Controllers\Berita.php(39): view('konten/detail', Array)
#5 C:\xampp\htdocs\ci4\system\CodeIgniter.php(832): App\Controllers\Berita->detail('create')
#6 C:\xampp\htdocs\ci4\system\CodeIgniter.php(419): CodeIgniter\CodeIgniter->runController(Object(App\Controllers\Berita))
#7 C:\xampp\htdocs\ci4\system\CodeIgniter.php(326): CodeIgniter\CodeIgniter->handleRequest(NULL, Object(Config\Cache), false)
#8 C:\xampp\htdocs\ci4\public\index.php(37): CodeIgniter\CodeIgniter->run()
#9 {main}
CRITICAL - 2022-03-13 22:38:15 --> Trying to access array offset on value of type null
#0 C:\xampp\htdocs\ci4\app\Views\konten\detail.php(26): CodeIgniter\Debug\Exceptions->errorHandler(2, 'Trying to acces...', 'C:\\xampp\\htdocs...', 26)
#1 C:\xampp\htdocs\ci4\system\View\View.php(210): include('C:\\xampp\\htdocs...')
#2 C:\xampp\htdocs\ci4\system\View\View.php(213): CodeIgniter\View\View->CodeIgniter\View\{closure}()
#3 C:\xampp\htdocs\ci4\system\Common.php(1089): CodeIgniter\View\View->render('konten/detail', Array, true)
#4 C:\xampp\htdocs\ci4\app\Controllers\Berita.php(39): view('konten/detail', Array)
#5 C:\xampp\htdocs\ci4\system\CodeIgniter.php(832): App\Controllers\Berita->detail('create')
#6 C:\xampp\htdocs\ci4\system\CodeIgniter.php(419): CodeIgniter\CodeIgniter->runController(Object(App\Controllers\Berita))
#7 C:\xampp\htdocs\ci4\system\CodeIgniter.php(326): CodeIgniter\CodeIgniter->handleRequest(NULL, Object(Config\Cache), false)
#8 C:\xampp\htdocs\ci4\public\index.php(37): CodeIgniter\CodeIgniter->run()
#9 {main}
CRITICAL - 2022-03-13 22:39:46 --> Trying to access array offset on value of type null
#0 C:\xampp\htdocs\ci4\app\Views\konten\detail.php(26): CodeIgniter\Debug\Exceptions->errorHandler(2, 'Trying to acces...', 'C:\\xampp\\htdocs...', 26)
#1 C:\xampp\htdocs\ci4\system\View\View.php(210): include('C:\\xampp\\htdocs...')
#2 C:\xampp\htdocs\ci4\system\View\View.php(213): CodeIgniter\View\View->CodeIgniter\View\{closure}()
#3 C:\xampp\htdocs\ci4\system\Common.php(1089): CodeIgniter\View\View->render('konten/detail', Array, true)
#4 C:\xampp\htdocs\ci4\app\Controllers\Berita.php(39): view('konten/detail', Array)
#5 C:\xampp\htdocs\ci4\system\CodeIgniter.php(832): App\Controllers\Berita->detail('create')
#6 C:\xampp\htdocs\ci4\system\CodeIgniter.php(419): CodeIgniter\CodeIgniter->runController(Object(App\Controllers\Berita))
#7 C:\xampp\htdocs\ci4\system\CodeIgniter.php(326): CodeIgniter\CodeIgniter->handleRequest(NULL, Object(Config\Cache), false)
#8 C:\xampp\htdocs\ci4\public\index.php(37): CodeIgniter\CodeIgniter->run()
#9 {main}
CRITICAL - 2022-03-13 22:40:31 --> Trying to access array offset on value of type null
#0 C:\xampp\htdocs\ci4\app\Views\konten\detail.php(26): CodeIgniter\Debug\Exceptions->errorHandler(2, 'Trying to acces...', 'C:\\xampp\\htdocs...', 26)
#1 C:\xampp\htdocs\ci4\system\View\View.php(210): include('C:\\xampp\\htdocs...')
#2 C:\xampp\htdocs\ci4\system\View\View.php(213): CodeIgniter\View\View->CodeIgniter\View\{closure}()
#3 C:\xampp\htdocs\ci4\system\Common.php(1089): CodeIgniter\View\View->render('konten/detail', Array, true)
#4 C:\xampp\htdocs\ci4\app\Controllers\Berita.php(39): view('konten/detail', Array)
#5 C:\xampp\htdocs\ci4\system\CodeIgniter.php(832): App\Controllers\Berita->detail('create')
#6 C:\xampp\htdocs\ci4\system\CodeIgniter.php(419): CodeIgniter\CodeIgniter->runController(Object(App\Controllers\Berita))
#7 C:\xampp\htdocs\ci4\system\CodeIgniter.php(326): CodeIgniter\CodeIgniter->handleRequest(NULL, Object(Config\Cache), false)
#8 C:\xampp\htdocs\ci4\public\index.php(37): CodeIgniter\CodeIgniter->run()
#9 {main}
ERROR - 2022-03-13 23:51:08 --> Error connecting to the database: No connection could be made because the target machine actively refused it
CRITICAL - 2022-03-13 23:51:08 --> Unable to connect to the database.
Main connection [MySQLi]: No connection could be made because the target machine actively refused it
#0 C:\xampp\htdocs\ci4\system\Database\BaseConnection.php(577): CodeIgniter\Database\BaseConnection->initialize()
#1 C:\xampp\htdocs\ci4\system\Database\BaseBuilder.php(1455): CodeIgniter\Database\BaseConnection->query('SELECT *\nFROM `...', Array, false)
#2 C:\xampp\htdocs\ci4\system\Model.php(183): CodeIgniter\Database\BaseBuilder->get()
#3 C:\xampp\htdocs\ci4\system\BaseModel.php(584): CodeIgniter\Model->doFindAll(0, 0)
#4 C:\xampp\htdocs\ci4\app\Models\BeritaModel.php(15): CodeIgniter\BaseModel->findAll()
#5 C:\xampp\htdocs\ci4\app\Controllers\Berita.php(26): App\Models\BeritaModel->getBerita()
#6 C:\xampp\htdocs\ci4\system\CodeIgniter.php(832): App\Controllers\Berita->index()
#7 C:\xampp\htdocs\ci4\system\CodeIgniter.php(419): CodeIgniter\CodeIgniter->runController(Object(App\Controllers\Berita))
#8 C:\xampp\htdocs\ci4\system\CodeIgniter.php(326): CodeIgniter\CodeIgniter->handleRequest(NULL, Object(Config\Cache), false)
#9 C:\xampp\htdocs\ci4\public\index.php(37): CodeIgniter\CodeIgniter->run()
#10 {main}
